[ 2013-01-10T17:41:00+08:00 ] 127.0.0.1 /Article/add/catid/0?_=1357810860560
INFO: [ route_check ] --START--
INFO: Run CheckRoute Behavior [ RunTime:0.001658s ]
INFO: [ route_check ] --END-- [ RunTime:0.001879s ]
INFO: [ app_begin ] --START--
INFO: Run ReadHtmlCache Behavior [ RunTime:0.001086s ]
INFO: [ app_begin ] --END-- [ RunTime:0.001209s ]
NOTIC: [8] Undefined index: orderDirection E:\case\www.kx168.cn\ThinkCMS\Lib\Action\admin\ArticleAction.class.php 第 15 行.
SQL: DESCRIBE kx168_position [ RunTime:0.007573s ]
SQL: SELECT * FROM `kx168_position` ORDER BY `listorder` ASC  [ RunTime:0.001087s ]
NOTIC: [8] Undefined index: rows E:\case\www.kx168.cn\ThinkCMS\Lib\Action\admin\GlobalAction.class.php 第 46 行.
NOTIC: [8] Undefined index: sort E:\case\www.kx168.cn\ThinkCMS\Lib\Action\admin\GlobalAction.class.php 第 52 行.
NOTIC: [8] Undefined index: order E:\case\www.kx168.cn\ThinkCMS\Lib\Action\admin\GlobalAction.class.php 第 54 行.
SQL: DESCRIBE kx168_category [ RunTime:0.008067s ]
SQL: SELECT `catid`,`catname` FROM `kx168_category` WHERE ( `catid`=0 ) LIMIT 1   [ RunTime:0.000883s ]
NOTIC: [2048] mktime(): You should be using the time() function instead E:\case\www.kx168.cn\ThinkCMS\Lib\Action\admin\ArticleAction.class.php 第 32 行.
INFO: [ view_template ] --START--
INFO: Run LocationTemplate Behavior [ RunTime:0.002014s ]
INFO: [ view_template ] --END-- [ RunTime:0.002180s ]
INFO: [ view_parse ] --START--
NOTIC: [8] Undefined index: title E:\case\www.kx168.cn\Runtime\Cache\admin\4956accb103bba9493074b8584dc6ab9.php 第 18 行.
NOTIC: [8] Undefined index: keywords E:\case\www.kx168.cn\Runtime\Cache\admin\4956accb103bba9493074b8584dc6ab9.php 第 26 行.
NOTIC: [8] Undefined index: thumb E:\case\www.kx168.cn\Runtime\Cache\admin\4956accb103bba9493074b8584dc6ab9.php 第 34 行.
NOTIC: [8] Undefined index: position E:\case\www.kx168.cn\Runtime\Cache\admin\4956accb103bba9493074b8584dc6ab9.php 第 38 行.
NOTIC: [8] Undefined index: position E:\case\www.kx168.cn\Runtime\Cache\admin\4956accb103bba9493074b8584dc6ab9.php 第 38 行.
NOTIC: [8] Undefined index: position E:\case\www.kx168.cn\Runtime\Cache\admin\4956accb103bba9493074b8584dc6ab9.php 第 38 行.
NOTIC: [8] Undefined index: position E:\case\www.kx168.cn\Runtime\Cache\admin\4956accb103bba9493074b8584dc6ab9.php 第 38 行.
NOTIC: [8] Undefined index: description E:\case\www.kx168.cn\Runtime\Cache\admin\4956accb103bba9493074b8584dc6ab9.php 第 111 行.
NOTIC: [8] Undefined index: content E:\case\www.kx168.cn\Runtime\Cache\admin\4956accb103bba9493074b8584dc6ab9.php 第 116 行.
INFO: Run ParseTemplate Behavior [ RunTime:0.026816s ]
INFO: [ view_parse ] --END-- [ RunTime:0.026965s ]
INFO: [ view_filter ] --START--
INFO: Run ContentReplace Behavior [ RunTime:0.001289s ]
INFO: Run TokenBuild Behavior [ RunTime:0.001182s ]
INFO: Run WriteHtmlCache Behavior [ RunTime:0.000890s ]
INFO: Run ShowRuntime Behavior [ RunTime:0.001656s ]
INFO: [ view_filter ] --END-- [ RunTime:0.005482s ]
INFO: [ view_end ] --START--
INFO: Run ShowPageTrace Behavior [ RunTime:0.001495s ]
INFO: [ view_end ] --END-- [ RunTime:0.001672s ]

[ 2013-01-10T17:41:04+08:00 ] ERR: (ThinkException) 无法加载模块:favicon.ico
[ 2013-01-10T17:41:04+08:00 ] ERR: (ThinkException) 无法加载模块:favicon.ico
[ 2013-01-10T17:41:04+08:00 ] ERR: (ThinkException) 无法加载模块:favicon.ico
[ 2013-01-10T17:41:04+08:00 ] ERR: (ThinkException) 无法加载模块:favicon.ico
[ 2013-01-10T17:41:04+08:00 ] ERR: (ThinkException) 非法操作:relation
[ 2013-01-10T17:46:28+08:00 ] 127.0.0.1 /Article/add/catid/0?_=1357811188738
INFO: [ route_check ] --START--
INFO: Run CheckRoute Behavior [ RunTime:0.001377s ]
INFO: [ route_check ] --END-- [ RunTime:0.001544s ]
INFO: [ app_begin ] --START--
INFO: Run ReadHtmlCache Behavior [ RunTime:0.001008s ]
INFO: [ app_begin ] --END-- [ RunTime:0.001122s ]
NOTIC: [8] Undefined index: orderDirection E:\case\www.kx168.cn\ThinkCMS\Lib\Action\admin\ArticleAction.class.php 第 15 行.
SQL: DESCRIBE kx168_position [ RunTime:0.007842s ]
SQL: SELECT * FROM `kx168_position` ORDER BY `listorder` ASC  [ RunTime:0.000976s ]
NOTIC: [8] Undefined index: rows E:\case\www.kx168.cn\ThinkCMS\Lib\Action\admin\GlobalAction.class.php 第 46 行.
NOTIC: [8] Undefined index: sort E:\case\www.kx168.cn\ThinkCMS\Lib\Action\admin\GlobalAction.class.php 第 52 行.
NOTIC: [8] Undefined index: order E:\case\www.kx168.cn\ThinkCMS\Lib\Action\admin\GlobalAction.class.php 第 54 行.
SQL: DESCRIBE kx168_category [ RunTime:0.007205s ]
SQL: SELECT `catid`,`catname` FROM `kx168_category` WHERE ( `catid`=0 ) LIMIT 1   [ RunTime:0.000957s ]
NOTIC: [2048] mktime(): You should be using the time() function instead E:\case\www.kx168.cn\ThinkCMS\Lib\Action\admin\ArticleAction.class.php 第 32 行.
INFO: [ view_template ] --START--
INFO: Run LocationTemplate Behavior [ RunTime:0.002143s ]
INFO: [ view_template ] --END-- [ RunTime:0.002317s ]
INFO: [ view_parse ] --START--
NOTIC: [8] Undefined index: title E:\case\www.kx168.cn\Runtime\Cache\admin\4956accb103bba9493074b8584dc6ab9.php 第 18 行.
NOTIC: [8] Undefined index: keywords E:\case\www.kx168.cn\Runtime\Cache\admin\4956accb103bba9493074b8584dc6ab9.php 第 26 行.
NOTIC: [8] Undefined index: thumb E:\case\www.kx168.cn\Runtime\Cache\admin\4956accb103bba9493074b8584dc6ab9.php 第 34 行.
NOTIC: [8] Undefined index: position E:\case\www.kx168.cn\Runtime\Cache\admin\4956accb103bba9493074b8584dc6ab9.php 第 38 行.
NOTIC: [8] Undefined index: position E:\case\www.kx168.cn\Runtime\Cache\admin\4956accb103bba9493074b8584dc6ab9.php 第 38 行.
NOTIC: [8] Undefined index: position E:\case\www.kx168.cn\Runtime\Cache\admin\4956accb103bba9493074b8584dc6ab9.php 第 38 行.
NOTIC: [8] Undefined index: position E:\case\www.kx168.cn\Runtime\Cache\admin\4956accb103bba9493074b8584dc6ab9.php 第 38 行.
NOTIC: [8] Undefined index: description E:\case\www.kx168.cn\Runtime\Cache\admin\4956accb103bba9493074b8584dc6ab9.php 第 111 行.
NOTIC: [8] Undefined index: content E:\case\www.kx168.cn\Runtime\Cache\admin\4956accb103bba9493074b8584dc6ab9.php 第 116 行.
INFO: Run ParseTemplate Behavior [ RunTime:0.022069s ]
INFO: [ view_parse ] --END-- [ RunTime:0.022186s ]
INFO: [ view_filter ] --START--
INFO: Run ContentReplace Behavior [ RunTime:0.001032s ]
INFO: Run TokenBuild Behavior [ RunTime:0.000943s ]
INFO: Run WriteHtmlCache Behavior [ RunTime:0.000875s ]
INFO: Run ShowRuntime Behavior [ RunTime:0.001103s ]
INFO: [ view_filter ] --END-- [ RunTime:0.004256s ]
INFO: [ view_end ] --START--
INFO: Run ShowPageTrace Behavior [ RunTime:0.001132s ]
INFO: [ view_end ] --END-- [ RunTime:0.001246s ]

[ 2013-01-10T17:46:31+08:00 ] ERR: (ThinkException) 无法加载模块:favicon.ico
[ 2013-01-10T17:46:31+08:00 ] ERR: (ThinkException) 无法加载模块:favicon.ico
[ 2013-01-10T17:46:31+08:00 ] ERR: (ThinkException) 无法加载模块:favicon.ico
[ 2013-01-10T17:46:31+08:00 ] ERR: (ThinkException) 无法加载模块:favicon.ico
[ 2013-01-10T17:46:31+08:00 ] ERR: (ThinkException) 非法操作:relation
[ 2013-01-10T17:53:42+08:00 ] 127.0.0.1 /Article/add/catid/0?_=1357811622155
INFO: [ route_check ] --START--
INFO: Run CheckRoute Behavior [ RunTime:0.001456s ]
INFO: [ route_check ] --END-- [ RunTime:0.001646s ]
INFO: [ app_begin ] --START--
INFO: Run ReadHtmlCache Behavior [ RunTime:0.000853s ]
INFO: [ app_begin ] --END-- [ RunTime:0.000938s ]
NOTIC: [8] Undefined index: orderDirection E:\case\www.kx168.cn\ThinkCMS\Lib\Action\admin\ArticleAction.class.php 第 15 行.
SQL: DESCRIBE kx168_position [ RunTime:0.007782s ]
SQL: SELECT * FROM `kx168_position` ORDER BY `listorder` ASC  [ RunTime:0.000787s ]
NOTIC: [8] Undefined index: rows E:\case\www.kx168.cn\ThinkCMS\Lib\Action\admin\GlobalAction.class.php 第 46 行.
NOTIC: [8] Undefined index: sort E:\case\www.kx168.cn\ThinkCMS\Lib\Action\admin\GlobalAction.class.php 第 52 行.
NOTIC: [8] Undefined index: order E:\case\www.kx168.cn\ThinkCMS\Lib\Action\admin\GlobalAction.class.php 第 54 行.
SQL: DESCRIBE kx168_category [ RunTime:0.009148s ]
SQL: SELECT `catid`,`catname` FROM `kx168_category` WHERE ( `catid`=0 ) LIMIT 1   [ RunTime:0.000770s ]
NOTIC: [2048] mktime(): You should be using the time() function instead E:\case\www.kx168.cn\ThinkCMS\Lib\Action\admin\ArticleAction.class.php 第 32 行.
INFO: [ view_template ] --START--
INFO: Run LocationTemplate Behavior [ RunTime:0.002140s ]
INFO: [ view_template ] --END-- [ RunTime:0.002291s ]
INFO: [ view_parse ] --START--
NOTIC: [8] Undefined index: title E:\case\www.kx168.cn\Runtime\Cache\admin\4956accb103bba9493074b8584dc6ab9.php 第 18 行.
NOTIC: [8] Undefined index: keywords E:\case\www.kx168.cn\Runtime\Cache\admin\4956accb103bba9493074b8584dc6ab9.php 第 26 行.
NOTIC: [8] Undefined index: thumb E:\case\www.kx168.cn\Runtime\Cache\admin\4956accb103bba9493074b8584dc6ab9.php 第 34 行.
NOTIC: [8] Undefined index: position E:\case\www.kx168.cn\Runtime\Cache\admin\4956accb103bba9493074b8584dc6ab9.php 第 38 行.
NOTIC: [8] Undefined index: position E:\case\www.kx168.cn\Runtime\Cache\admin\4956accb103bba9493074b8584dc6ab9.php 第 38 行.
NOTIC: [8] Undefined index: position E:\case\www.kx168.cn\Runtime\Cache\admin\4956accb103bba9493074b8584dc6ab9.php 第 38 行.
NOTIC: [8] Undefined index: position E:\case\www.kx168.cn\Runtime\Cache\admin\4956accb103bba9493074b8584dc6ab9.php 第 38 行.
NOTIC: [8] Undefined index: description E:\case\www.kx168.cn\Runtime\Cache\admin\4956accb103bba9493074b8584dc6ab9.php 第 111 行.
NOTIC: [8] Undefined index: content E:\case\www.kx168.cn\Runtime\Cache\admin\4956accb103bba9493074b8584dc6ab9.php 第 116 行.
INFO: Run ParseTemplate Behavior [ RunTime:0.022716s ]
INFO: [ view_parse ] --END-- [ RunTime:0.022865s ]
INFO: [ view_filter ] --START--
INFO: Run ContentReplace Behavior [ RunTime:0.001524s ]
INFO: Run TokenBuild Behavior [ RunTime:0.001151s ]
INFO: Run WriteHtmlCache Behavior [ RunTime:0.000947s ]
INFO: Run ShowRuntime Behavior [ RunTime:0.001444s ]
INFO: [ view_filter ] --END-- [ RunTime:0.005490s ]
INFO: [ view_end ] --START--
INFO: Run ShowPageTrace Behavior [ RunTime:0.001463s ]
INFO: [ view_end ] --END-- [ RunTime:0.001613s ]

[ 2013-01-10T17:53:45+08:00 ] ERR: (ThinkException) 无法加载模块:favicon.ico
[ 2013-01-10T17:53:45+08:00 ] ERR: (ThinkException) 无法加载模块:favicon.ico
[ 2013-01-10T17:53:45+08:00 ] ERR: (ThinkException) 无法加载模块:favicon.ico
[ 2013-01-10T17:53:45+08:00 ] ERR: (ThinkException) 无法加载模块:favicon.ico
[ 2013-01-10T17:53:46+08:00 ] ERR: (ThinkException) 非法操作:relation
[ 2013-01-10T17:53:52+08:00 ] ERR: (ThinkException) 无法加载模块:favicon.ico
[ 2013-01-10T18:18:40+08:00 ] 127.0.0.1 /Article/add/catid/0?_=1357813120472
INFO: [ route_check ] --START--
INFO: Run CheckRoute Behavior [ RunTime:0.010194s ]
INFO: [ route_check ] --END-- [ RunTime:0.010440s ]
INFO: [ app_begin ] --START--
INFO: Run ReadHtmlCache Behavior [ RunTime:0.002871s ]
INFO: [ app_begin ] --END-- [ RunTime:0.003101s ]
NOTIC: [8] Undefined index: orderDirection E:\case\www.kx168.cn\ThinkCMS\Lib\Action\admin\ArticleAction.class.php 第 15 行.
SQL: DESCRIBE kx168_position [ RunTime:0.008228s ]
SQL: SELECT * FROM `kx168_position` ORDER BY `listorder` ASC  [ RunTime:0.001210s ]
NOTIC: [8] Undefined index: rows E:\case\www.kx168.cn\ThinkCMS\Lib\Action\admin\GlobalAction.class.php 第 46 行.
NOTIC: [8] Undefined index: sort E:\case\www.kx168.cn\ThinkCMS\Lib\Action\admin\GlobalAction.class.php 第 52 行.
NOTIC: [8] Undefined index: order E:\case\www.kx168.cn\ThinkCMS\Lib\Action\admin\GlobalAction.class.php 第 54 行.
SQL: DESCRIBE kx168_category [ RunTime:0.010105s ]
SQL: SELECT `catid`,`catname` FROM `kx168_category` WHERE ( `catid`=0 ) LIMIT 1   [ RunTime:0.001415s ]
NOTIC: [2048] mktime(): You should be using the time() function instead E:\case\www.kx168.cn\ThinkCMS\Lib\Action\admin\ArticleAction.class.php 第 32 行.
INFO: [ view_template ] --START--
INFO: Run LocationTemplate Behavior [ RunTime:0.002715s ]
INFO: [ view_template ] --END-- [ RunTime:0.002883s ]
INFO: [ view_parse ] --START--
NOTIC: [8] Undefined index: title E:\case\www.kx168.cn\Runtime\Cache\admin\4956accb103bba9493074b8584dc6ab9.php 第 18 行.
NOTIC: [8] Undefined index: keywords E:\case\www.kx168.cn\Runtime\Cache\admin\4956accb103bba9493074b8584dc6ab9.php 第 26 行.
NOTIC: [8] Undefined index: thumb E:\case\www.kx168.cn\Runtime\Cache\admin\4956accb103bba9493074b8584dc6ab9.php 第 34 行.
NOTIC: [8] Undefined index: position E:\case\www.kx168.cn\Runtime\Cache\admin\4956accb103bba9493074b8584dc6ab9.php 第 38 行.
NOTIC: [8] Undefined index: position E:\case\www.kx168.cn\Runtime\Cache\admin\4956accb103bba9493074b8584dc6ab9.php 第 38 行.
NOTIC: [8] Undefined index: position E:\case\www.kx168.cn\Runtime\Cache\admin\4956accb103bba9493074b8584dc6ab9.php 第 38 行.
NOTIC: [8] Undefined index: position E:\case\www.kx168.cn\Runtime\Cache\admin\4956accb103bba9493074b8584dc6ab9.php 第 38 行.
NOTIC: [8] Undefined index: description E:\case\www.kx168.cn\Runtime\Cache\admin\4956accb103bba9493074b8584dc6ab9.php 第 111 行.
NOTIC: [8] Undefined index: content E:\case\www.kx168.cn\Runtime\Cache\admin\4956accb103bba9493074b8584dc6ab9.php 第 116 行.
INFO: Run ParseTemplate Behavior [ RunTime:0.051237s ]
INFO: [ view_parse ] --END-- [ RunTime:0.051391s ]
INFO: [ view_filter ] --START--
INFO: Run ContentReplace Behavior [ RunTime:0.004695s ]
INFO: Run TokenBuild Behavior [ RunTime:0.004390s ]
INFO: Run WriteHtmlCache Behavior [ RunTime:0.001605s ]
INFO: Run ShowRuntime Behavior [ RunTime:0.002143s ]
INFO: [ view_filter ] --END-- [ RunTime:0.013348s ]
INFO: [ view_end ] --START--
INFO: Run ShowPageTrace Behavior [ RunTime:0.005024s ]
INFO: [ view_end ] --END-- [ RunTime:0.005198s ]

[ 2013-01-10T18:18:44+08:00 ] ERR: (ThinkException) 无法加载模块:favicon.ico
[ 2013-01-10T18:18:44+08:00 ] ERR: (ThinkException) 无法加载模块:favicon.ico
[ 2013-01-10T18:18:44+08:00 ] ERR: (ThinkException) 无法加载模块:favicon.ico
[ 2013-01-10T18:18:44+08:00 ] ERR: (ThinkException) 无法加载模块:favicon.ico
[ 2013-01-10T18:21:40+08:00 ] 127.0.0.1 /Article/add/catid/0?_=1357813300611
INFO: [ route_check ] --START--
INFO: Run CheckRoute Behavior [ RunTime:0.001565s ]
INFO: [ route_check ] --END-- [ RunTime:0.001749s ]
INFO: [ app_begin ] --START--
INFO: Run ReadHtmlCache Behavior [ RunTime:0.001063s ]
INFO: [ app_begin ] --END-- [ RunTime:0.001168s ]
NOTIC: [8] Undefined index: orderDirection E:\case\www.kx168.cn\ThinkCMS\Lib\Action\admin\ArticleAction.class.php 第 15 行.
SQL: DESCRIBE kx168_position [ RunTime:0.007380s ]
SQL: SELECT * FROM `kx168_position` ORDER BY `listorder` ASC  [ RunTime:0.001070s ]
NOTIC: [8] Undefined index: rows E:\case\www.kx168.cn\ThinkCMS\Lib\Action\admin\GlobalAction.class.php 第 46 行.
NOTIC: [8] Undefined index: sort E:\case\www.kx168.cn\ThinkCMS\Lib\Action\admin\GlobalAction.class.php 第 52 行.
NOTIC: [8] Undefined index: order E:\case\www.kx168.cn\ThinkCMS\Lib\Action\admin\GlobalAction.class.php 第 54 行.
SQL: DESCRIBE kx168_category [ RunTime:0.019208s ]
SQL: SELECT `catid`,`catname` FROM `kx168_category` WHERE ( `catid`=0 ) LIMIT 1   [ RunTime:0.000684s ]
NOTIC: [2048] mktime(): You should be using the time() function instead E:\case\www.kx168.cn\ThinkCMS\Lib\Action\admin\ArticleAction.class.php 第 32 行.
INFO: [ view_template ] --START--
INFO: Run LocationTemplate Behavior [ RunTime:0.001719s ]
INFO: [ view_template ] --END-- [ RunTime:0.001847s ]
INFO: [ view_parse ] --START--
NOTIC: [8] Undefined index: title E:\case\www.kx168.cn\Runtime\Cache\admin\4956accb103bba9493074b8584dc6ab9.php 第 18 行.
NOTIC: [8] Undefined index: keywords E:\case\www.kx168.cn\Runtime\Cache\admin\4956accb103bba9493074b8584dc6ab9.php 第 26 行.
NOTIC: [8] Undefined index: thumb E:\case\www.kx168.cn\Runtime\Cache\admin\4956accb103bba9493074b8584dc6ab9.php 第 34 行.
NOTIC: [8] Undefined index: position E:\case\www.kx168.cn\Runtime\Cache\admin\4956accb103bba9493074b8584dc6ab9.php 第 38 行.
NOTIC: [8] Undefined index: position E:\case\www.kx168.cn\Runtime\Cache\admin\4956accb103bba9493074b8584dc6ab9.php 第 38 行.
NOTIC: [8] Undefined index: position E:\case\www.kx168.cn\Runtime\Cache\admin\4956accb103bba9493074b8584dc6ab9.php 第 38 行.
NOTIC: [8] Undefined index: position E:\case\www.kx168.cn\Runtime\Cache\admin\4956accb103bba9493074b8584dc6ab9.php 第 38 行.
NOTIC: [8] Undefined index: description E:\case\www.kx168.cn\Runtime\Cache\admin\4956accb103bba9493074b8584dc6ab9.php 第 111 行.
NOTIC: [8] Undefined index: content E:\case\www.kx168.cn\Runtime\Cache\admin\4956accb103bba9493074b8584dc6ab9.php 第 116 行.
NOTIC: [8] Undefined index: id E:\case\www.kx168.cn\Runtime\Cache\admin\4956accb103bba9493074b8584dc6ab9.php 第 176 行.
INFO: Run ParseTemplate Behavior [ RunTime:0.021894s ]
INFO: [ view_parse ] --END-- [ RunTime:0.022029s ]
INFO: [ view_filter ] --START--
INFO: Run ContentReplace Behavior [ RunTime:0.001209s ]
INFO: Run TokenBuild Behavior [ RunTime:0.001048s ]
INFO: Run WriteHtmlCache Behavior [ RunTime:0.000722s ]
INFO: Run ShowRuntime Behavior [ RunTime:0.001059s ]
INFO: [ view_filter ] --END-- [ RunTime:0.004371s ]
INFO: [ view_end ] --START--
INFO: Run ShowPageTrace Behavior [ RunTime:0.001416s ]
INFO: [ view_end ] --END-- [ RunTime:0.001556s ]

[ 2013-01-10T18:22:42+08:00 ] 127.0.0.1 /Article/add/catid/0?_=1357813362493
INFO: [ route_check ] --START--
INFO: Run CheckRoute Behavior [ RunTime:0.001272s ]
INFO: [ route_check ] --END-- [ RunTime:0.001487s ]
INFO: [ app_begin ] --START--
INFO: Run ReadHtmlCache Behavior [ RunTime:0.001074s ]
INFO: [ app_begin ] --END-- [ RunTime:0.001220s ]
NOTIC: [8] Undefined index: orderDirection E:\case\www.kx168.cn\ThinkCMS\Lib\Action\admin\ArticleAction.class.php 第 15 行.
SQL: DESCRIBE kx168_position [ RunTime:0.008136s ]
SQL: SELECT * FROM `kx168_position` ORDER BY `listorder` ASC  [ RunTime:0.000892s ]
NOTIC: [8] Undefined index: rows E:\case\www.kx168.cn\ThinkCMS\Lib\Action\admin\GlobalAction.class.php 第 46 行.
NOTIC: [8] Undefined index: sort E:\case\www.kx168.cn\ThinkCMS\Lib\Action\admin\GlobalAction.class.php 第 52 行.
NOTIC: [8] Undefined index: order E:\case\www.kx168.cn\ThinkCMS\Lib\Action\admin\GlobalAction.class.php 第 54 行.
SQL: DESCRIBE kx168_category [ RunTime:0.008933s ]
SQL: SELECT `catid`,`catname` FROM `kx168_category` WHERE ( `catid`=0 ) LIMIT 1   [ RunTime:0.001288s ]
NOTIC: [2048] mktime(): You should be using the time() function instead E:\case\www.kx168.cn\ThinkCMS\Lib\Action\admin\ArticleAction.class.php 第 32 行.
INFO: [ view_template ] --START--
INFO: Run LocationTemplate Behavior [ RunTime:0.002127s ]
INFO: [ view_template ] --END-- [ RunTime:0.002309s ]
INFO: [ view_parse ] --START--
NOTIC: [8] Undefined index: title E:\case\www.kx168.cn\Runtime\Cache\admin\4956accb103bba9493074b8584dc6ab9.php 第 18 行.
NOTIC: [8] Undefined index: keywords E:\case\www.kx168.cn\Runtime\Cache\admin\4956accb103bba9493074b8584dc6ab9.php 第 26 行.
NOTIC: [8] Undefined index: thumb E:\case\www.kx168.cn\Runtime\Cache\admin\4956accb103bba9493074b8584dc6ab9.php 第 34 行.
NOTIC: [8] Undefined index: position E:\case\www.kx168.cn\Runtime\Cache\admin\4956accb103bba9493074b8584dc6ab9.php 第 38 行.
NOTIC: [8] Undefined index: position E:\case\www.kx168.cn\Runtime\Cache\admin\4956accb103bba9493074b8584dc6ab9.php 第 38 行.
NOTIC: [8] Undefined index: position E:\case\www.kx168.cn\Runtime\Cache\admin\4956accb103bba9493074b8584dc6ab9.php 第 38 行.
NOTIC: [8] Undefined index: position E:\case\www.kx168.cn\Runtime\Cache\admin\4956accb103bba9493074b8584dc6ab9.php 第 38 行.
NOTIC: [8] Undefined index: description E:\case\www.kx168.cn\Runtime\Cache\admin\4956accb103bba9493074b8584dc6ab9.php 第 111 行.
NOTIC: [8] Undefined index: content E:\case\www.kx168.cn\Runtime\Cache\admin\4956accb103bba9493074b8584dc6ab9.php 第 116 行.
INFO: Run ParseTemplate Behavior [ RunTime:0.024521s ]
INFO: [ view_parse ] --END-- [ RunTime:0.024683s ]
INFO: [ view_filter ] --START--
INFO: Run ContentReplace Behavior [ RunTime:0.001106s ]
INFO: Run TokenBuild Behavior [ RunTime:0.000836s ]
INFO: Run WriteHtmlCache Behavior [ RunTime:0.000731s ]
INFO: Run ShowRuntime Behavior [ RunTime:0.001529s ]
INFO: [ view_filter ] --END-- [ RunTime:0.004562s ]
INFO: [ view_end ] --START--
INFO: Run ShowPageTrace Behavior [ RunTime:0.001843s ]
INFO: [ view_end ] --END-- [ RunTime:0.002034s ]

[ 2013-01-10T18:22:45+08:00 ] ERR: (ThinkException) 无法加载模块:favicon.ico
[ 2013-01-10T18:22:45+08:00 ] ERR: (ThinkException) 无法加载模块:favicon.ico
[ 2013-01-10T18:22:45+08:00 ] ERR: (ThinkException) 无法加载模块:favicon.ico
[ 2013-01-10T18:22:45+08:00 ] ERR: (ThinkException) 无法加载模块:favicon.ico
[ 2013-01-10T18:23:05+08:00 ] 127.0.0.1 /Article/add/catid/0?_=1357813385848
INFO: [ route_check ] --START--
INFO: Run CheckRoute Behavior [ RunTime:0.001319s ]
INFO: [ route_check ] --END-- [ RunTime:0.001494s ]
INFO: [ app_begin ] --START--
INFO: Run ReadHtmlCache Behavior [ RunTime:0.001073s ]
INFO: [ app_begin ] --END-- [ RunTime:0.001211s ]
NOTIC: [8] Undefined index: orderDirection E:\case\www.kx168.cn\ThinkCMS\Lib\Action\admin\ArticleAction.class.php 第 15 行.
SQL: DESCRIBE kx168_position [ RunTime:0.006774s ]
SQL: SELECT * FROM `kx168_position` ORDER BY `listorder` ASC  [ RunTime:0.000819s ]
NOTIC: [8] Undefined index: rows E:\case\www.kx168.cn\ThinkCMS\Lib\Action\admin\GlobalAction.class.php 第 46 行.
NOTIC: [8] Undefined index: sort E:\case\www.kx168.cn\ThinkCMS\Lib\Action\admin\GlobalAction.class.php 第 52 行.
NOTIC: [8] Undefined index: order E:\case\www.kx168.cn\ThinkCMS\Lib\Action\admin\GlobalAction.class.php 第 54 行.
SQL: DESCRIBE kx168_category [ RunTime:0.008791s ]
SQL: SELECT `catid`,`catname` FROM `kx168_category` WHERE ( `catid`=0 ) LIMIT 1   [ RunTime:0.000981s ]
NOTIC: [2048] mktime(): You should be using the time() function instead E:\case\www.kx168.cn\ThinkCMS\Lib\Action\admin\ArticleAction.class.php 第 32 行.
INFO: [ view_template ] --START--
INFO: Run LocationTemplate Behavior [ RunTime:0.002250s ]
INFO: [ view_template ] --END-- [ RunTime:0.002427s ]
INFO: [ view_parse ] --START--
NOTIC: [8] Undefined index: title E:\case\www.kx168.cn\Runtime\Cache\admin\4956accb103bba9493074b8584dc6ab9.php 第 18 行.
NOTIC: [8] Undefined index: keywords E:\case\www.kx168.cn\Runtime\Cache\admin\4956accb103bba9493074b8584dc6ab9.php 第 26 行.
NOTIC: [8] Undefined index: thumb E:\case\www.kx168.cn\Runtime\Cache\admin\4956accb103bba9493074b8584dc6ab9.php 第 34 行.
NOTIC: [8] Undefined index: position E:\case\www.kx168.cn\Runtime\Cache\admin\4956accb103bba9493074b8584dc6ab9.php 第 38 行.
NOTIC: [8] Undefined index: position E:\case\www.kx168.cn\Runtime\Cache\admin\4956accb103bba9493074b8584dc6ab9.php 第 38 行.
NOTIC: [8] Undefined index: position E:\case\www.kx168.cn\Runtime\Cache\admin\4956accb103bba9493074b8584dc6ab9.php 第 38 行.
NOTIC: [8] Undefined index: position E:\case\www.kx168.cn\Runtime\Cache\admin\4956accb103bba9493074b8584dc6ab9.php 第 38 行.
NOTIC: [8] Undefined index: description E:\case\www.kx168.cn\Runtime\Cache\admin\4956accb103bba9493074b8584dc6ab9.php 第 111 行.
NOTIC: [8] Undefined index: content E:\case\www.kx168.cn\Runtime\Cache\admin\4956accb103bba9493074b8584dc6ab9.php 第 116 行.
NOTIC: [8] Undefined index: id E:\case\www.kx168.cn\Runtime\Cache\admin\4956accb103bba9493074b8584dc6ab9.php 第 176 行.
INFO: Run ParseTemplate Behavior [ RunTime:0.025206s ]
INFO: [ view_parse ] --END-- [ RunTime:0.025348s ]
INFO: [ view_filter ] --START--
INFO: Run ContentReplace Behavior [ RunTime:0.001486s ]
INFO: Run TokenBuild Behavior [ RunTime:0.001603s ]
INFO: Run WriteHtmlCache Behavior [ RunTime:0.000972s ]
INFO: Run ShowRuntime Behavior [ RunTime:0.001273s ]
INFO: [ view_filter ] --END-- [ RunTime:0.005758s ]
INFO: [ view_end ] --START--
INFO: Run ShowPageTrace Behavior [ RunTime:0.001546s ]
INFO: [ view_end ] --END-- [ RunTime:0.001703s ]

[ 2013-01-10T18:23:33+08:00 ] 127.0.0.1 /Article/add/catid/0?_=1357813413783
INFO: [ route_check ] --START--
INFO: Run CheckRoute Behavior [ RunTime:0.001630s ]
INFO: [ route_check ] --END-- [ RunTime:0.001856s ]
INFO: [ app_begin ] --START--
INFO: Run ReadHtmlCache Behavior [ RunTime:0.001157s ]
INFO: [ app_begin ] --END-- [ RunTime:0.001307s ]
NOTIC: [8] Undefined index: orderDirection E:\case\www.kx168.cn\ThinkCMS\Lib\Action\admin\ArticleAction.class.php 第 15 行.
SQL: DESCRIBE kx168_position [ RunTime:0.007330s ]
SQL: SELECT * FROM `kx168_position` ORDER BY `listorder` ASC  [ RunTime:0.001012s ]
NOTIC: [8] Undefined index: rows E:\case\www.kx168.cn\ThinkCMS\Lib\Action\admin\GlobalAction.class.php 第 46 行.
NOTIC: [8] Undefined index: sort E:\case\www.kx168.cn\ThinkCMS\Lib\Action\admin\GlobalAction.class.php 第 52 行.
NOTIC: [8] Undefined index: order E:\case\www.kx168.cn\ThinkCMS\Lib\Action\admin\GlobalAction.class.php 第 54 行.
SQL: DESCRIBE kx168_category [ RunTime:0.008352s ]
SQL: SELECT `catid`,`catname` FROM `kx168_category` WHERE ( `catid`=0 ) LIMIT 1   [ RunTime:0.001057s ]
NOTIC: [2048] mktime(): You should be using the time() function instead E:\case\www.kx168.cn\ThinkCMS\Lib\Action\admin\ArticleAction.class.php 第 32 行.
INFO: [ view_template ] --START--
INFO: Run LocationTemplate Behavior [ RunTime:0.001780s ]
INFO: [ view_template ] --END-- [ RunTime:0.001895s ]
INFO: [ view_parse ] --START--
NOTIC: [8] Undefined index: title E:\case\www.kx168.cn\Runtime\Cache\admin\4956accb103bba9493074b8584dc6ab9.php 第 18 行.
NOTIC: [8] Undefined index: keywords E:\case\www.kx168.cn\Runtime\Cache\admin\4956accb103bba9493074b8584dc6ab9.php 第 26 行.
NOTIC: [8] Undefined index: thumb E:\case\www.kx168.cn\Runtime\Cache\admin\4956accb103bba9493074b8584dc6ab9.php 第 34 行.
NOTIC: [8] Undefined index: position E:\case\www.kx168.cn\Runtime\Cache\admin\4956accb103bba9493074b8584dc6ab9.php 第 38 行.
NOTIC: [8] Undefined index: position E:\case\www.kx168.cn\Runtime\Cache\admin\4956accb103bba9493074b8584dc6ab9.php 第 38 行.
NOTIC: [8] Undefined index: position E:\case\www.kx168.cn\Runtime\Cache\admin\4956accb103bba9493074b8584dc6ab9.php 第 38 行.
NOTIC: [8] Undefined index: position E:\case\www.kx168.cn\Runtime\Cache\admin\4956accb103bba9493074b8584dc6ab9.php 第 38 行.
NOTIC: [8] Undefined index: description E:\case\www.kx168.cn\Runtime\Cache\admin\4956accb103bba9493074b8584dc6ab9.php 第 111 行.
NOTIC: [8] Undefined index: content E:\case\www.kx168.cn\Runtime\Cache\admin\4956accb103bba9493074b8584dc6ab9.php 第 116 行.
NOTIC: [8] Undefined index: id E:\case\www.kx168.cn\Runtime\Cache\admin\4956accb103bba9493074b8584dc6ab9.php 第 176 行.
INFO: Run ParseTemplate Behavior [ RunTime:0.021772s ]
INFO: [ view_parse ] --END-- [ RunTime:0.021867s ]
INFO: [ view_filter ] --START--
INFO: Run ContentReplace Behavior [ RunTime:0.001076s ]
INFO: Run TokenBuild Behavior [ RunTime:0.000890s ]
INFO: Run WriteHtmlCache Behavior [ RunTime:0.000740s ]
INFO: Run ShowRuntime Behavior [ RunTime:0.000938s ]
INFO: [ view_filter ] --END-- [ RunTime:0.003908s ]
INFO: [ view_end ] --START--
INFO: Run ShowPageTrace Behavior [ RunTime:0.001064s ]
INFO: [ view_end ] --END-- [ RunTime:0.001157s ]

[ 2013-01-10T18:24:50+08:00 ] 127.0.0.1 /Article/add/catid/0?_=1357813490811
INFO: [ route_check ] --START--
INFO: Run CheckRoute Behavior [ RunTime:0.001267s ]
INFO: [ route_check ] --END-- [ RunTime:0.001444s ]
INFO: [ app_begin ] --START--
INFO: Run ReadHtmlCache Behavior [ RunTime:0.001403s ]
INFO: [ app_begin ] --END-- [ RunTime:0.001572s ]
NOTIC: [8] Undefined index: orderDirection E:\case\www.kx168.cn\ThinkCMS\Lib\Action\admin\ArticleAction.class.php 第 15 行.
SQL: DESCRIBE kx168_position [ RunTime:0.006688s ]
SQL: SELECT * FROM `kx168_position` ORDER BY `listorder` ASC  [ RunTime:0.001043s ]
NOTIC: [8] Undefined index: rows E:\case\www.kx168.cn\ThinkCMS\Lib\Action\admin\GlobalAction.class.php 第 46 行.
NOTIC: [8] Undefined index: sort E:\case\www.kx168.cn\ThinkCMS\Lib\Action\admin\GlobalAction.class.php 第 52 行.
NOTIC: [8] Undefined index: order E:\case\www.kx168.cn\ThinkCMS\Lib\Action\admin\GlobalAction.class.php 第 54 行.
SQL: DESCRIBE kx168_category [ RunTime:0.007829s ]
SQL: SELECT `catid`,`catname` FROM `kx168_category` WHERE ( `catid`=0 ) LIMIT 1   [ RunTime:0.000810s ]
NOTIC: [2048] mktime(): You should be using the time() function instead E:\case\www.kx168.cn\ThinkCMS\Lib\Action\admin\ArticleAction.class.php 第 32 行.
INFO: [ view_template ] --START--
INFO: Run LocationTemplate Behavior [ RunTime:0.002045s ]
INFO: [ view_template ] --END-- [ RunTime:0.002219s ]
INFO: [ view_parse ] --START--
NOTIC: [8] Undefined index: title E:\case\www.kx168.cn\Runtime\Cache\admin\4956accb103bba9493074b8584dc6ab9.php 第 18 行.
NOTIC: [8] Undefined index: keywords E:\case\www.kx168.cn\Runtime\Cache\admin\4956accb103bba9493074b8584dc6ab9.php 第 26 行.
NOTIC: [8] Undefined index: thumb E:\case\www.kx168.cn\Runtime\Cache\admin\4956accb103bba9493074b8584dc6ab9.php 第 34 行.
NOTIC: [8] Undefined index: position E:\case\www.kx168.cn\Runtime\Cache\admin\4956accb103bba9493074b8584dc6ab9.php 第 38 行.
NOTIC: [8] Undefined index: position E:\case\www.kx168.cn\Runtime\Cache\admin\4956accb103bba9493074b8584dc6ab9.php 第 38 行.
NOTIC: [8] Undefined index: position E:\case\www.kx168.cn\Runtime\Cache\admin\4956accb103bba9493074b8584dc6ab9.php 第 38 行.
NOTIC: [8] Undefined index: position E:\case\www.kx168.cn\Runtime\Cache\admin\4956accb103bba9493074b8584dc6ab9.php 第 38 行.
NOTIC: [8] Undefined index: description E:\case\www.kx168.cn\Runtime\Cache\admin\4956accb103bba9493074b8584dc6ab9.php 第 111 行.
NOTIC: [8] Undefined index: content E:\case\www.kx168.cn\Runtime\Cache\admin\4956accb103bba9493074b8584dc6ab9.php 第 116 行.
NOTIC: [8] Undefined index: id E:\case\www.kx168.cn\Runtime\Cache\admin\4956accb103bba9493074b8584dc6ab9.php 第 176 行.
INFO: Run ParseTemplate Behavior [ RunTime:0.021556s ]
INFO: [ view_parse ] --END-- [ RunTime:0.021671s ]
INFO: [ view_filter ] --START--
INFO: Run ContentReplace Behavior [ RunTime:0.001014s ]
INFO: Run TokenBuild Behavior [ RunTime:0.000940s ]
INFO: Run WriteHtmlCache Behavior [ RunTime:0.001014s ]
INFO: Run ShowRuntime Behavior [ RunTime:0.000999s ]
INFO: [ view_filter ] --END-- [ RunTime:0.004272s ]
INFO: [ view_end ] --START--
INFO: Run ShowPageTrace Behavior [ RunTime:0.001030s ]
INFO: [ view_end ] --END-- [ RunTime:0.001141s ]

[ 2013-01-10T18:24:54+08:00 ] ERR: (ThinkException) 无法加载模块:favicon.ico
[ 2013-01-10T18:24:54+08:00 ] ERR: (ThinkException) 无法加载模块:favicon.ico
[ 2013-01-10T18:24:54+08:00 ] ERR: (ThinkException) 无法加载模块:favicon.ico
[ 2013-01-10T18:24:54+08:00 ] ERR: (ThinkException) 无法加载模块:favicon.ico
[ 2013-01-10T18:26:32+08:00 ] 127.0.0.1 /Article/add/catid/0?_=1357813592817
INFO: [ route_check ] --START--
INFO: Run CheckRoute Behavior [ RunTime:0.001180s ]
INFO: [ route_check ] --END-- [ RunTime:0.001379s ]
INFO: [ app_begin ] --START--
INFO: Run ReadHtmlCache Behavior [ RunTime:0.001201s ]
INFO: [ app_begin ] --END-- [ RunTime:0.001337s ]
NOTIC: [8] Undefined index: orderDirection E:\case\www.kx168.cn\ThinkCMS\Lib\Action\admin\ArticleAction.class.php 第 15 行.
SQL: DESCRIBE kx168_position [ RunTime:0.009170s ]
SQL: SELECT * FROM `kx168_position` ORDER BY `listorder` ASC  [ RunTime:0.000895s ]
NOTIC: [8] Undefined index: rows E:\case\www.kx168.cn\ThinkCMS\Lib\Action\admin\GlobalAction.class.php 第 46 行.
NOTIC: [8] Undefined index: sort E:\case\www.kx168.cn\ThinkCMS\Lib\Action\admin\GlobalAction.class.php 第 52 行.
NOTIC: [8] Undefined index: order E:\case\www.kx168.cn\ThinkCMS\Lib\Action\admin\GlobalAction.class.php 第 54 行.
SQL: DESCRIBE kx168_category [ RunTime:0.009486s ]
SQL: SELECT `catid`,`catname` FROM `kx168_category` WHERE ( `catid`=0 ) LIMIT 1   [ RunTime:0.001068s ]
NOTIC: [2048] mktime(): You should be using the time() function instead E:\case\www.kx168.cn\ThinkCMS\Lib\Action\admin\ArticleAction.class.php 第 32 行.
INFO: [ view_template ] --START--
INFO: Run LocationTemplate Behavior [ RunTime:0.002054s ]
INFO: [ view_template ] --END-- [ RunTime:0.002217s ]
INFO: [ view_parse ] --START--
NOTIC: [8] Undefined index: title E:\case\www.kx168.cn\Runtime\Cache\admin\4956accb103bba9493074b8584dc6ab9.php 第 18 行.
NOTIC: [8] Undefined index: keywords E:\case\www.kx168.cn\Runtime\Cache\admin\4956accb103bba9493074b8584dc6ab9.php 第 26 行.
NOTIC: [8] Undefined index: thumb E:\case\www.kx168.cn\Runtime\Cache\admin\4956accb103bba9493074b8584dc6ab9.php 第 34 行.
NOTIC: [8] Undefined index: position E:\case\www.kx168.cn\Runtime\Cache\admin\4956accb103bba9493074b8584dc6ab9.php 第 38 行.
NOTIC: [8] Undefined index: position E:\case\www.kx168.cn\Runtime\Cache\admin\4956accb103bba9493074b8584dc6ab9.php 第 38 行.
NOTIC: [8] Undefined index: position E:\case\www.kx168.cn\Runtime\Cache\admin\4956accb103bba9493074b8584dc6ab9.php 第 38 行.
NOTIC: [8] Undefined index: position E:\case\www.kx168.cn\Runtime\Cache\admin\4956accb103bba9493074b8584dc6ab9.php 第 38 行.
NOTIC: [8] Undefined index: description E:\case\www.kx168.cn\Runtime\Cache\admin\4956accb103bba9493074b8584dc6ab9.php 第 111 行.
NOTIC: [8] Undefined index: content E:\case\www.kx168.cn\Runtime\Cache\admin\4956accb103bba9493074b8584dc6ab9.php 第 116 行.
NOTIC: [8] Undefined index: id E:\case\www.kx168.cn\Runtime\Cache\admin\4956accb103bba9493074b8584dc6ab9.php 第 176 行.
INFO: Run ParseTemplate Behavior [ RunTime:0.024157s ]
INFO: [ view_parse ] --END-- [ RunTime:0.024293s ]
INFO: [ view_filter ] --START--
INFO: Run ContentReplace Behavior [ RunTime:0.001322s ]
INFO: Run TokenBuild Behavior [ RunTime:0.001187s ]
INFO: Run WriteHtmlCache Behavior [ RunTime:0.000895s ]
INFO: Run ShowRuntime Behavior [ RunTime:0.001183s ]
INFO: [ view_filter ] --END-- [ RunTime:0.004958s ]
INFO: [ view_end ] --START--
INFO: Run ShowPageTrace Behavior [ RunTime:0.001867s ]
INFO: [ view_end ] --END-- [ RunTime:0.002012s ]

[ 2013-01-10T18:26:37+08:00 ] ERR: (ThinkException) 无法加载模块:favicon.ico
[ 2013-01-10T18:26:37+08:00 ] ERR: (ThinkException) 无法加载模块:favicon.ico
[ 2013-01-10T18:26:37+08:00 ] ERR: (ThinkException) 无法加载模块:favicon.ico
[ 2013-01-10T18:26:37+08:00 ] ERR: (ThinkException) 无法加载模块:favicon.ico
[ 2013-01-10T18:28:11+08:00 ] 127.0.0.1 /Article/add/catid/0?_=1357813691605
INFO: [ route_check ] --START--
INFO: Run CheckRoute Behavior [ RunTime:0.001892s ]
INFO: [ route_check ] --END-- [ RunTime:0.002107s ]
INFO: [ app_begin ] --START--
INFO: Run ReadHtmlCache Behavior [ RunTime:0.001387s ]
INFO: [ app_begin ] --END-- [ RunTime:0.001551s ]
NOTIC: [8] Undefined index: orderDirection E:\case\www.kx168.cn\ThinkCMS\Lib\Action\admin\ArticleAction.class.php 第 15 行.
SQL: DESCRIBE kx168_position [ RunTime:0.006580s ]
SQL: SELECT * FROM `kx168_position` ORDER BY `listorder` ASC  [ RunTime:0.001231s ]
NOTIC: [8] Undefined index: rows E:\case\www.kx168.cn\ThinkCMS\Lib\Action\admin\GlobalAction.class.php 第 46 行.
NOTIC: [8] Undefined index: sort E:\case\www.kx168.cn\ThinkCMS\Lib\Action\admin\GlobalAction.class.php 第 52 行.
NOTIC: [8] Undefined index: order E:\case\www.kx168.cn\ThinkCMS\Lib\Action\admin\GlobalAction.class.php 第 54 行.
SQL: DESCRIBE kx168_category [ RunTime:0.007415s ]
SQL: SELECT `catid`,`catname` FROM `kx168_category` WHERE ( `catid`=0 ) LIMIT 1   [ RunTime:0.000853s ]
NOTIC: [2048] mktime(): You should be using the time() function instead E:\case\www.kx168.cn\ThinkCMS\Lib\Action\admin\ArticleAction.class.php 第 32 行.
INFO: [ view_template ] --START--
INFO: Run LocationTemplate Behavior [ RunTime:0.002309s ]
INFO: [ view_template ] --END-- [ RunTime:0.002482s ]
INFO: [ view_parse ] --START--
NOTIC: [8] Undefined index: title E:\case\www.kx168.cn\Runtime\Cache\admin\4956accb103bba9493074b8584dc6ab9.php 第 18 行.
NOTIC: [8] Undefined index: keywords E:\case\www.kx168.cn\Runtime\Cache\admin\4956accb103bba9493074b8584dc6ab9.php 第 26 行.
NOTIC: [8] Undefined index: thumb E:\case\www.kx168.cn\Runtime\Cache\admin\4956accb103bba9493074b8584dc6ab9.php 第 34 行.
NOTIC: [8] Undefined index: position E:\case\www.kx168.cn\Runtime\Cache\admin\4956accb103bba9493074b8584dc6ab9.php 第 38 行.
NOTIC: [8] Undefined index: position E:\case\www.kx168.cn\Runtime\Cache\admin\4956accb103bba9493074b8584dc6ab9.php 第 38 行.
NOTIC: [8] Undefined index: position E:\case\www.kx168.cn\Runtime\Cache\admin\4956accb103bba9493074b8584dc6ab9.php 第 38 行.
NOTIC: [8] Undefined index: position E:\case\www.kx168.cn\Runtime\Cache\admin\4956accb103bba9493074b8584dc6ab9.php 第 38 行.
NOTIC: [8] Undefined index: description E:\case\www.kx168.cn\Runtime\Cache\admin\4956accb103bba9493074b8584dc6ab9.php 第 111 行.
NOTIC: [8] Undefined index: content E:\case\www.kx168.cn\Runtime\Cache\admin\4956accb103bba9493074b8584dc6ab9.php 第 116 行.
NOTIC: [8] Undefined index: id E:\case\www.kx168.cn\Runtime\Cache\admin\4956accb103bba9493074b8584dc6ab9.php 第 181 行.
INFO: Run ParseTemplate Behavior [ RunTime:0.023419s ]
INFO: [ view_parse ] --END-- [ RunTime:0.023553s ]
INFO: [ view_filter ] --START--
INFO: Run ContentReplace Behavior [ RunTime:0.001351s ]
INFO: Run TokenBuild Behavior [ RunTime:0.001164s ]
INFO: Run WriteHtmlCache Behavior [ RunTime:0.000865s ]
INFO: Run ShowRuntime Behavior [ RunTime:0.001256s ]
INFO: [ view_filter ] --END-- [ RunTime:0.005004s ]
INFO: [ view_end ] --START--
INFO: Run ShowPageTrace Behavior [ RunTime:0.001336s ]
INFO: [ view_end ] --END-- [ RunTime:0.001477s ]

[ 2013-01-10T18:28:15+08:00 ] ERR: (ThinkException) 无法加载模块:favicon.ico
[ 2013-01-10T18:28:15+08:00 ] ERR: (ThinkException) 无法加载模块:favicon.ico
[ 2013-01-10T18:28:15+08:00 ] ERR: (ThinkException) 无法加载模块:favicon.ico
[ 2013-01-10T18:28:15+08:00 ] ERR: (ThinkException) 无法加载模块:favicon.ico
[ 2013-01-10T18:37:20+08:00 ] 127.0.0.1 /Article/add/catid/0?_=1357814240675
INFO: [ route_check ] --START--
INFO: Run CheckRoute Behavior [ RunTime:0.001745s ]
INFO: [ route_check ] --END-- [ RunTime:0.001973s ]
INFO: [ app_begin ] --START--
INFO: Run ReadHtmlCache Behavior [ RunTime:0.001308s ]
INFO: [ app_begin ] --END-- [ RunTime:0.001476s ]
NOTIC: [8] Undefined index: orderDirection E:\case\www.kx168.cn\ThinkCMS\Lib\Action\admin\ArticleAction.class.php 第 15 行.
SQL: DESCRIBE kx168_position [ RunTime:0.007572s ]
SQL: SELECT * FROM `kx168_position` ORDER BY `listorder` ASC  [ RunTime:0.000931s ]
NOTIC: [8] Undefined index: rows E:\case\www.kx168.cn\ThinkCMS\Lib\Action\admin\GlobalAction.class.php 第 46 行.
NOTIC: [8] Undefined index: sort E:\case\www.kx168.cn\ThinkCMS\Lib\Action\admin\GlobalAction.class.php 第 52 行.
NOTIC: [8] Undefined index: order E:\case\www.kx168.cn\ThinkCMS\Lib\Action\admin\GlobalAction.class.php 第 54 行.
SQL: DESCRIBE kx168_category [ RunTime:0.008803s ]
SQL: SELECT `catid`,`catname` FROM `kx168_category` WHERE ( `catid`=0 ) LIMIT 1   [ RunTime:0.001094s ]
NOTIC: [2048] mktime(): You should be using the time() function instead E:\case\www.kx168.cn\ThinkCMS\Lib\Action\admin\ArticleAction.class.php 第 32 行.
INFO: [ view_template ] --START--
INFO: Run LocationTemplate Behavior [ RunTime:0.002161s ]
INFO: [ view_template ] --END-- [ RunTime:0.002307s ]
INFO: [ view_parse ] --START--
NOTIC: [8] Undefined index: title E:\case\www.kx168.cn\Runtime\Cache\admin\4956accb103bba9493074b8584dc6ab9.php 第 18 行.
NOTIC: [8] Undefined index: keywords E:\case\www.kx168.cn\Runtime\Cache\admin\4956accb103bba9493074b8584dc6ab9.php 第 26 行.
NOTIC: [8] Undefined index: thumb E:\case\www.kx168.cn\Runtime\Cache\admin\4956accb103bba9493074b8584dc6ab9.php 第 34 行.
NOTIC: [8] Undefined index: position E:\case\www.kx168.cn\Runtime\Cache\admin\4956accb103bba9493074b8584dc6ab9.php 第 38 行.
NOTIC: [8] Undefined index: position E:\case\www.kx168.cn\Runtime\Cache\admin\4956accb103bba9493074b8584dc6ab9.php 第 38 行.
NOTIC: [8] Undefined index: position E:\case\www.kx168.cn\Runtime\Cache\admin\4956accb103bba9493074b8584dc6ab9.php 第 38 行.
NOTIC: [8] Undefined index: position E:\case\www.kx168.cn\Runtime\Cache\admin\4956accb103bba9493074b8584dc6ab9.php 第 38 行.
NOTIC: [8] Undefined index: description E:\case\www.kx168.cn\Runtime\Cache\admin\4956accb103bba9493074b8584dc6ab9.php 第 111 行.
NOTIC: [8] Undefined index: content E:\case\www.kx168.cn\Runtime\Cache\admin\4956accb103bba9493074b8584dc6ab9.php 第 116 行.
NOTIC: [8] Undefined index: id E:\case\www.kx168.cn\Runtime\Cache\admin\4956accb103bba9493074b8584dc6ab9.php 第 189 行.
INFO: Run ParseTemplate Behavior [ RunTime:0.023159s ]
INFO: [ view_parse ] --END-- [ RunTime:0.023261s ]
INFO: [ view_filter ] --START--
INFO: Run ContentReplace Behavior [ RunTime:0.001156s ]
INFO: Run TokenBuild Behavior [ RunTime:0.001296s ]
INFO: Run WriteHtmlCache Behavior [ RunTime:0.000946s ]
INFO: Run ShowRuntime Behavior [ RunTime:0.001068s ]
INFO: [ view_filter ] --END-- [ RunTime:0.004874s ]
INFO: [ view_end ] --START--
INFO: Run ShowPageTrace Behavior [ RunTime:0.001085s ]
INFO: [ view_end ] --END-- [ RunTime:0.001213s ]

[ 2013-01-10T18:37:24+08:00 ] ERR: (ThinkException) 无法加载模块:favicon.ico
[ 2013-01-10T18:37:24+08:00 ] ERR: (ThinkException) 无法加载模块:favicon.ico
[ 2013-01-10T18:37:24+08:00 ] ERR: (ThinkException) 无法加载模块:favicon.ico
[ 2013-01-10T18:37:24+08:00 ] ERR: (ThinkException) 无法加载模块:favicon.ico
[ 2013-01-10T18:37:51+08:00 ] 127.0.0.1 /Article/add/catid/0?_=1357814271527
INFO: [ route_check ] --START--
INFO: Run CheckRoute Behavior [ RunTime:0.001512s ]
INFO: [ route_check ] --END-- [ RunTime:0.001985s ]
INFO: [ app_begin ] --START--
INFO: Run ReadHtmlCache Behavior [ RunTime:0.001373s ]
INFO: [ app_begin ] --END-- [ RunTime:0.001549s ]
NOTIC: [8] Undefined index: orderDirection E:\case\www.kx168.cn\ThinkCMS\Lib\Action\admin\ArticleAction.class.php 第 15 行.
SQL: DESCRIBE kx168_position [ RunTime:0.007911s ]
SQL: SELECT * FROM `kx168_position` ORDER BY `listorder` ASC  [ RunTime:0.001073s ]
NOTIC: [8] Undefined index: rows E:\case\www.kx168.cn\ThinkCMS\Lib\Action\admin\GlobalAction.class.php 第 46 行.
NOTIC: [8] Undefined index: sort E:\case\www.kx168.cn\ThinkCMS\Lib\Action\admin\GlobalAction.class.php 第 52 行.
NOTIC: [8] Undefined index: order E:\case\www.kx168.cn\ThinkCMS\Lib\Action\admin\GlobalAction.class.php 第 54 行.
SQL: DESCRIBE kx168_category [ RunTime:0.008444s ]
SQL: SELECT `catid`,`catname` FROM `kx168_category` WHERE ( `catid`=0 ) LIMIT 1   [ RunTime:0.000809s ]
NOTIC: [2048] mktime(): You should be using the time() function instead E:\case\www.kx168.cn\ThinkCMS\Lib\Action\admin\ArticleAction.class.php 第 32 行.
INFO: [ view_template ] --START--
INFO: Run LocationTemplate Behavior [ RunTime:0.001690s ]
INFO: [ view_template ] --END-- [ RunTime:0.001818s ]
INFO: [ view_parse ] --START--
NOTIC: [8] Undefined index: title E:\case\www.kx168.cn\Runtime\Cache\admin\4956accb103bba9493074b8584dc6ab9.php 第 18 行.
NOTIC: [8] Undefined index: keywords E:\case\www.kx168.cn\Runtime\Cache\admin\4956accb103bba9493074b8584dc6ab9.php 第 26 行.
NOTIC: [8] Undefined index: thumb E:\case\www.kx168.cn\Runtime\Cache\admin\4956accb103bba9493074b8584dc6ab9.php 第 34 行.
NOTIC: [8] Undefined index: position E:\case\www.kx168.cn\Runtime\Cache\admin\4956accb103bba9493074b8584dc6ab9.php 第 38 行.
NOTIC: [8] Undefined index: position E:\case\www.kx168.cn\Runtime\Cache\admin\4956accb103bba9493074b8584dc6ab9.php 第 38 行.
NOTIC: [8] Undefined index: position E:\case\www.kx168.cn\Runtime\Cache\admin\4956accb103bba9493074b8584dc6ab9.php 第 38 行.
NOTIC: [8] Undefined index: position E:\case\www.kx168.cn\Runtime\Cache\admin\4956accb103bba9493074b8584dc6ab9.php 第 38 行.
NOTIC: [8] Undefined index: description E:\case\www.kx168.cn\Runtime\Cache\admin\4956accb103bba9493074b8584dc6ab9.php 第 111 行.
NOTIC: [8] Undefined index: content E:\case\www.kx168.cn\Runtime\Cache\admin\4956accb103bba9493074b8584dc6ab9.php 第 116 行.
NOTIC: [8] Undefined index: id E:\case\www.kx168.cn\Runtime\Cache\admin\4956accb103bba9493074b8584dc6ab9.php 第 189 行.
INFO: Run ParseTemplate Behavior [ RunTime:0.019268s ]
INFO: [ view_parse ] --END-- [ RunTime:0.019367s ]
INFO: [ view_filter ] --START--
INFO: Run ContentReplace Behavior [ RunTime:0.001008s ]
INFO: Run TokenBuild Behavior [ RunTime:0.001077s ]
INFO: Run WriteHtmlCache Behavior [ RunTime:0.000953s ]
INFO: Run ShowRuntime Behavior [ RunTime:0.001247s ]
INFO: [ view_filter ] --END-- [ RunTime:0.004631s ]
INFO: [ view_end ] --START--
INFO: Run ShowPageTrace Behavior [ RunTime:0.001296s ]
INFO: [ view_end ] --END-- [ RunTime:0.001413s ]

[ 2013-01-10T18:37:54+08:00 ] ERR: (ThinkException) 无法加载模块:favicon.ico
[ 2013-01-10T18:37:54+08:00 ] ERR: (ThinkException) 无法加载模块:favicon.ico
[ 2013-01-10T18:37:54+08:00 ] ERR: (ThinkException) 无法加载模块:favicon.ico
[ 2013-01-10T18:37:54+08:00 ] ERR: (ThinkException) 无法加载模块:favicon.ico
